0 info it worked if it ends with ok
1 verbose cli [ 'C:\\Program Files\\nodejs\\node.exe',
1 verbose cli   'C:\\Program Files\\nodejs\\node_modules\\npm\\bin\\npm-cli.js',
1 verbose cli   'start' ]
2 info using npm@3.10.10
3 info using node@v6.11.3
4 verbose run-script [ 'prestart', 'start', 'poststart' ]
5 info lifecycle geek-alert--functions@~prestart: geek-alert--functions@
6 silly lifecycle geek-alert--functions@~prestart: no script for prestart, continuing
7 info lifecycle geek-alert--functions@~start: geek-alert--functions@
8 verbose lifecycle geek-alert--functions@~start: unsafe-perm in lifecycle true
9 verbose lifecycle geek-alert--functions@~start: PATH: C:\Users\alexb\AppData\Roaming\nvm\v6.11.3\node_modules\npm\bin\node-gyp-bin;d:\g&f pwa ws1\PWA-workshop\cloud-functions\node_modules\.bin;C:\Program Files\Git\mingw64\bin;C:\Program Files\Git\usr\bin;C:\Users\alexb\bin;C:\ProgramData\Oracle\Java\javapath;C:\Program Files (x86)\Intel\iCLS Client;C:\Program Files\Intel\iCLS Client;C:\WINDOWS\system32;C:\WINDOWS;C:\WINDOWS\System32\Wbem;C:\WINDOWS\System32\WindowsPowerShell\v1.0;C:\Program Files (x86)\Intel\Intel(R) Management Engine Components\DAL;C:\Program Files\Intel\Intel(R) Management Engine Components\DAL;C:\Program Files (x86)\Intel\Intel(R) Management Engine Components\IPT;C:\Program Files\Intel\Intel(R) Management Engine Components\IPT;C:\Program Files (x86)\Skype\Phone;C:\Users\alexb\AppData\Roaming\nvm;C:\Program Files\nodejs;C:\Program Files\Liquid Technologies\Liquid Studio 2017\XmlDataBinder15\Redist15\cpp\win32\bin;C:\Program Files\Liquid Technologies\Liquid Studio 2017\XmlDataBinder15\Redist15\cpp\win64\bin;C:\Ruby23-x64\bin;C:\Users\alexb\AppData\Local\Microsoft\WindowsApps;C:\Users\alexb\AppData\Roaming\npm;C:\Program Files\Microsoft VS Code\bin;C:\Users\alexb\AppData\Roaming\nvm;C:\Program Files\nodejs
10 verbose lifecycle geek-alert--functions@~start: CWD: d:\g&f pwa ws1\PWA-workshop\cloud-functions
11 silly lifecycle geek-alert--functions@~start: Args: [ '/d /s /c', 'npm run shell' ]
12 silly lifecycle geek-alert--functions@~start: Returned: code: 1  signal: null
13 info lifecycle geek-alert--functions@~start: Failed to exec start script
14 verbose stack Error: geek-alert--functions@ start: `npm run shell`
14 verbose stack Exit status 1
14 verbose stack     at EventEmitter.<anonymous> (C:\Users\alexb\AppData\Roaming\nvm\v6.11.3\node_modules\npm\lib\utils\lifecycle.js:255:16)
14 verbose stack     at emitTwo (events.js:106:13)
14 verbose stack     at EventEmitter.emit (events.js:191:7)
14 verbose stack     at ChildProcess.<anonymous> (C:\Users\alexb\AppData\Roaming\nvm\v6.11.3\node_modules\npm\lib\utils\spawn.js:40:14)
14 verbose stack     at emitTwo (events.js:106:13)
14 verbose stack     at ChildProcess.emit (events.js:191:7)
14 verbose stack     at maybeClose (internal/child_process.js:920:16)
14 verbose stack     at Process.ChildProcess._handle.onexit (internal/child_process.js:230:5)
15 verbose pkgid geek-alert--functions@
16 verbose cwd d:\g&f pwa ws1\PWA-workshop\cloud-functions
17 error Windows_NT 10.0.16299
18 error argv "C:\\Program Files\\nodejs\\node.exe" "C:\\Program Files\\nodejs\\node_modules\\npm\\bin\\npm-cli.js" "start"
19 error node v6.11.3
20 error npm  v3.10.10
21 error code ELIFECYCLE
22 error geek-alert--functions@ start: `npm run shell`
22 error Exit status 1
23 error Failed at the geek-alert--functions@ start script 'npm run shell'.
23 error Make sure you have the latest version of node.js and npm installed.
23 error If you do, this is most likely a problem with the geek-alert--functions package,
23 error not with npm itself.
23 error Tell the author that this fails on your system:
23 error     npm run shell
23 error You can get information on how to open an issue for this project with:
23 error     npm bugs geek-alert--functions
23 error Or if that isn't available, you can get their info via:
23 error     npm owner ls geek-alert--functions
23 error There is likely additional logging output above.
24 verbose exit [ 1, true ]
